# JRE version: Java(TM) SE Runtime Environment (8.0_73-b02) (build 1.8.0_73-b02)
# Java VM: Java HotSpot(TM) 64-Bit Server VM (25.73-b02 mixed mode windows-amd64 compressed oops)
Heap:
 PSYoungGen      total 314880K, used 71026K [0x00000000eab00000, 0x0000000100000000, 0x0000000100000000)
  eden space 284672K, 24% used [0x00000000eab00000,0x00000000ef05cbf8,0x00000000fc100000)
  from space 30208K, 0% used [0x00000000fe280000,0x00000000fe280000,0x0000000100000000)
  to   space 32256K, 0% used [0x00000000fc100000,0x00000000fc100000,0x00000000fe080000)
 ParOldGen       total 301568K, used 49218K [0x00000000c0000000, 0x00000000d2680000, 0x00000000eab00000)
  object space 301568K, 16% used [0x00000000c0000000,0x00000000c3010938,0x00000000d2680000)
 Metaspace       used 59308K, capacity 65310K, committed 65496K, reserved 1105920K
  class space    used 7181K, capacity 9175K, committed 9216K, reserved 1048576K
GC Heap History (10 events):
Event: 4.662 GC heap before
{Heap before GC invocations=5 (full 1):
 PSYoungGen      total 272896K, used 10737K [0x00000000eab00000, 0x00000000fc000000, 0x0000000100000000)
  eden space 262144K, 0% used [0x00000000eab00000,0x00000000eab00000,0x00000000fab00000)
  from space 10752K, 99% used [0x00000000fb580000,0x00000000fbffc540,0x00000000fc000000)
  to   space 10752K, 0% used [0x00000000fab00000,0x00000000fab00000,0x00000000fb580000)
 ParOldGen       total 175104K, used 34723K [0x00000000c0000000, 0x00000000cab00000, 0x00000000eab00000)
  object space 175104K, 19% used [0x00000000c0000000,0x00000000c21e8c50,0x00000000cab00000)
 Metaspace       used 19410K, capacity 21114K, committed 21248K, reserved 1069056K
  class space    used 1994K, capacity 2488K, committed 2560K, reserved 1048576K
Event: 4.763 GC heap after
Heap after GC invocations=5 (full 1):
 PSYoungGen      total 272896K, used 0K [0x00000000eab00000, 0x00000000fc000000, 0x0000000100000000)
  eden space 262144K, 0% used [0x00000000eab00000,0x00000000eab00000,0x00000000fab00000)
  from space 10752K, 0% used [0x00000000fb580000,0x00000000fb580000,0x00000000fc000000)
  to   space 10752K, 0% used [0x00000000fab00000,0x00000000fab00000,0x00000000fb580000)
 ParOldGen       total 175104K, used 30324K [0x00000000c0000000, 0x00000000cab00000, 0x00000000eab00000)
  object space 175104K, 17% used [0x00000000c0000000,0x00000000c1d9d130,0x00000000cab00000)
 Metaspace       used 19410K, capacity 21114K, committed 21248K, reserved 1069056K
  class space    used 1994K, capacity 2488K, committed 2560K, reserved 1048576K
}
Event: 6.249 GC heap before
{Heap before GC invocations=6 (full 1):
 PSYoungGen      total 272896K, used 70618K [0x00000000eab00000, 0x00000000fc000000, 0x0000000100000000)
  eden space 262144K, 26% used [0x00000000eab00000,0x00000000eeff6b00,0x00000000fab00000)
  from space 10752K, 0% used [0x00000000fb580000,0x00000000fb580000,0x00000000fc000000)
  to   space 10752K, 0% used [0x00000000fab00000,0x00000000fab00000,0x00000000fb580000)
 ParOldGen       total 175104K, used 30324K [0x00000000c0000000, 0x00000000cab00000, 0x00000000eab00000)
  object space 175104K, 17% used [0x00000000c0000000,0x00000000c1d9d130,0x00000000cab00000)
 Metaspace       used 32398K, capacity 35300K, committed 35416K, reserved 1081344K
  class space    used 3573K, capacity 4420K, committed 4480K, reserved 1048576K
Event: 6.263 GC heap after
Heap after GC invocations=6 (full 1):
 PSYoungGen      total 272896K, used 10746K [0x00000000eab00000, 0x0000000100000000, 0x0000000100000000)
  eden space 262144K, 0% used [0x00000000eab00000,0x00000000eab00000,0x00000000fab00000)
  from space 10752K, 99% used [0x00000000fab00000,0x00000000fb57e930,0x00000000fb580000)
  to   space 30208K, 0% used [0x00000000fe280000,0x00000000fe280000,0x0000000100000000)
 ParOldGen       total 175104K, used 34177K [0x00000000c0000000, 0x00000000cab00000, 0x00000000eab00000)
  object space 175104K, 19% used [0x00000000c0000000,0x00000000c2160460,0x00000000cab00000)
 Metaspace       used 32398K, capacity 35300K, committed 35416K, reserved 1081344K
  class space    used 3573K, capacity 4420K, committed 4480K, reserved 1048576K
}
Event: 6.263 GC heap before
{Heap before GC invocations=7 (full 2):
 PSYoungGen      total 272896K, used 10746K [0x00000000eab00000, 0x0000000100000000, 0x0000000100000000)
  eden space 262144K, 0% used [0x00000000eab00000,0x00000000eab00000,0x00000000fab00000)
  from space 10752K, 99% used [0x00000000fab00000,0x00000000fb57e930,0x00000000fb580000)
  to   space 30208K, 0% used [0x00000000fe280000,0x00000000fe280000,0x0000000100000000)
 ParOldGen       total 175104K, used 34177K [0x00000000c0000000, 0x00000000cab00000, 0x00000000eab00000)
  object space 175104K, 19% used [0x00000000c0000000,0x00000000c2160460,0x00000000cab00000)
 Metaspace       used 32398K, capacity 35300K, committed 35416K, reserved 1081344K
  class space    used 3573K, capacity 4420K, committed 4480K, reserved 1048576K
Event: 6.369 GC heap after
Heap after GC invocations=7 (full 2):
 PSYoungGen      total 272896K, used 0K [0x00000000eab00000, 0x0000000100000000, 0x0000000100000000)
  eden space 262144K, 0% used [0x00000000eab00000,0x00000000eab00000,0x00000000fab00000)
  from space 10752K, 0% used [0x00000000fab00000,0x00000000fab00000,0x00000000fb580000)
  to   space 30208K, 0% used [0x00000000fe280000,0x00000000fe280000,0x0000000100000000)
 ParOldGen       total 211456K, used 31679K [0x00000000c0000000, 0x00000000cce80000, 0x00000000eab00000)
  object space 211456K, 14% used [0x00000000c0000000,0x00000000c1eefe20,0x00000000cce80000)
 Metaspace       used 32398K, capacity 35300K, committed 35416K, reserved 1081344K
  class space    used 3573K, capacity 4420K, committed 4480K, reserved 1048576K
}
Event: 9.545 GC heap before
{Heap before GC invocations=8 (full 2):
 PSYoungGen      total 272896K, used 106349K [0x00000000eab00000, 0x0000000100000000, 0x0000000100000000)
  eden space 262144K, 40% used [0x00000000eab00000,0x00000000f12db6e0,0x00000000fab00000)
  from space 10752K, 0% used [0x00000000fab00000,0x00000000fab00000,0x00000000fb580000)
  to   space 30208K, 0% used [0x00000000fe280000,0x00000000fe280000,0x0000000100000000)
 ParOldGen       total 211456K, used 31679K [0x00000000c0000000, 0x00000000cce80000, 0x00000000eab00000)
  object space 211456K, 14% used [0x00000000c0000000,0x00000000c1eefe20,0x00000000cce80000)
 Metaspace       used 53486K, capacity 58856K, committed 59028K, reserved 1099776K
  class space    used 6403K, capacity 8166K, committed 8192K, reserved 1048576K
Event: 9.578 GC heap after
Heap after GC invocations=8 (full 2):
 PSYoungGen      total 314880K, used 25460K [0x00000000eab00000, 0x0000000100000000, 0x0000000100000000)
  eden space 284672K, 0% used [0x00000000eab00000,0x00000000eab00000,0x00000000fc100000)
  from space 30208K, 84% used [0x00000000fe280000,0x00000000ffb5d118,0x0000000100000000)
  to   space 32256K, 0% used [0x00000000fc100000,0x00000000fc100000,0x00000000fe080000)
 ParOldGen       total 211456K, used 31687K [0x00000000c0000000, 0x00000000cce80000, 0x00000000eab00000)
  object space 211456K, 14% used [0x00000000c0000000,0x00000000c1ef1e20,0x00000000cce80000)
 Metaspace       used 53486K, capacity 58856K, committed 59028K, reserved 1099776K
  class space    used 6403K, capacity 8166K, committed 8192K, reserved 1048576K
}
Event: 9.578 GC heap before
{Heap before GC invocations=9 (full 3):
 PSYoungGen      total 314880K, used 25460K [0x00000000eab00000, 0x0000000100000000, 0x0000000100000000)
  eden space 284672K, 0% used [0x00000000eab00000,0x00000000eab00000,0x00000000fc100000)
  from space 30208K, 84% used [0x00000000fe280000,0x00000000ffb5d118,0x0000000100000000)
  to   space 32256K, 0% used [0x00000000fc100000,0x00000000fc100000,0x00000000fe080000)
 ParOldGen       total 211456K, used 31687K [0x00000000c0000000, 0x00000000cce80000, 0x00000000eab00000)
  object space 211456K, 14% used [0x00000000c0000000,0x00000000c1ef1e20,0x00000000cce80000)
 Metaspace       used 53486K, capacity 58856K, committed 59028K, reserved 1099776K
  class space    used 6403K, capacity 8166K, committed 8192K, reserved 1048576K
Event: 9.868 GC heap after
Heap after GC invocations=9 (full 3):
 PSYoungGen      total 314880K, used 0K [0x00000000eab00000, 0x0000000100000000, 0x0000000100000000)
  eden space 284672K, 0% used [0x00000000eab00000,0x00000000eab00000,0x00000000fc100000)
  from space 30208K, 0% used [0x00000000fe280000,0x00000000fe280000,0x0000000100000000)
  to   space 32256K, 0% used [0x00000000fc100000,0x00000000fc100000,0x00000000fe080000)
 ParOldGen       total 301568K, used 49218K [0x00000000c0000000, 0x00000000d2680000, 0x00000000eab00000)
  object space 301568K, 16% used [0x00000000c0000000,0x00000000c3010938,0x00000000d2680000)
 Metaspace       used 53486K, capacity 58856K, committed 59028K, reserved 1099776K
  class space    used 6403K, capacity 8166K, committed 8192K, reserved 1048576K
}

